<?xml version="1.0" encoding="UTF-8"?>
<!-- Generated by org.testng.reporters.JUnitXMLReporter -->
<testsuite ignored="0" hostname="Rashe" failures="0" tests="3" name="Surefire test" time="15.833" errors="0" timestamp="2025-04-06T14:56:34 EDT">
  <testcase classname="io.cucumber.testng.AbstractTestNGCucumberTests" name="runScenario" time="5.929"/>
  <testcase classname="tests.E2ETest" name="submitOrder" time="1.252"/>
  <testcase classname="tests.E2ETest" name="submitOrder" time="1.075"/>
</testsuite> <!-- Surefire test -->
