<?xml version="1.0" encoding="UTF-8"?>
<!-- Generated by org.testng.reporters.JUnitXMLReporter -->
<testsuite ignored="0" hostname="Rashe" failures="0" tests="4" name="ErrorvalidationTest" time="30.702" errors="0" timestamp="2025-04-04T19:38:41 EDT">
  <testcase classname="tests.Errorvalidation" name="InvalidLogin" time="1.672"/>
  <testcase classname="tests.Errorvalidation" name="checkoutWithMissingFirstName" time="2.843"/>
  <testcase classname="tests.Errorvalidation" name="lockedUser" time="0.436"/>
  <testcase classname="tests.Errorvalidation" name="performanceGlitch" time="6.06"/>
</testsuite> <!-- ErrorvalidationTest -->
