<?xml version="1.0" encoding="UTF-8"?>
<!-- Generated by org.testng.reporters.JUnitXMLReporter -->
<testsuite ignored="0" hostname="Rashe" failures="0" tests="9" name="InventoryPageValidationTest" time="48.303" errors="0" timestamp="2025-04-04T19:38:59 EDT">
  <testcase classname="tests.InventoryPageValidation" name="VerifyItemCount" time="0.928"/>
  <testcase classname="tests.InventoryPageValidation" name="addSingleItemtoCart" time="1.557"/>
  <testcase classname="tests.InventoryPageValidation" name="addSingleItemtoCart" time="0.868"/>
  <testcase classname="tests.InventoryPageValidation" name="addandRemoveProductfromCart" time="1.745"/>
  <testcase classname="tests.InventoryPageValidation" name="addandRemoveProductfromCart" time="0.738"/>
  <testcase classname="tests.InventoryPageValidation" name="sortProductsByHighToLowPrice" time="0.649"/>
  <testcase classname="tests.InventoryPageValidation" name="sortProductsByLowToHighPrice" time="0.664"/>
  <testcase classname="tests.InventoryPageValidation" name="verifyProductDetailsNavigation" time="0.559"/>
  <testcase classname="tests.InventoryPageValidation" name="verifyProductDetailsNavigation" time="0.51"/>
</testsuite> <!-- InventoryPageValidationTest -->
