<?xml version="1.0" encoding="UTF-8"?>
<testng-results ignored="0" total="17" passed="17" failed="0" skipped="0">
  <reporter-output>
  </reporter-output>
  <suite started-at="2025-04-06T15:05:39 EDT" name="AllTests" finished-at="2025-04-06T15:06:54 EDT" duration-ms="74364">
    <groups>
      <group name="Errorhandling">
        <method signature="Errorvalidation.InvalidLogin()[pri:0, instance:tests.Errorvalidation@7b2bbc3]" name="InvalidLogin" class="tests.Errorvalidation"/>
        <method signature="Errorvalidation.checkoutWithMissingFirstName(java.util.HashMap)[pri:0, instance:tests.Errorvalidation@7b2bbc3]" name="checkoutWithMissingFirstName" class="tests.Errorvalidation"/>
        <method signature="Errorvalidation.lockedUser()[pri:0, instance:tests.Errorvalidation@7b2bbc3]" name="lockedUser" class="tests.Errorvalidation"/>
        <method signature="Errorvalidation.performanceGlitch()[pri:0, instance:tests.Errorvalidation@7b2bbc3]" name="performanceGlitch" class="tests.Errorvalidation"/>
      </group> <!-- Errorhandling -->
      <group name="E2ETest">
        <method signature="E2ETest.submitOrder(java.util.HashMap)[pri:0, instance:tests.E2ETest@48f2bd5b]" name="submitOrder" class="tests.E2ETest"/>
      </group> <!-- E2ETest -->
    </groups>
    <test started-at="2025-04-06T15:05:39 EDT" name="AllTestsSuite" finished-at="2025-04-06T15:06:54 EDT" duration-ms="74364">
      <class name="tests.MainMenuValidation">
        <test-method is-config="true" signature="beforeMethod()[pri:0, instance:tests.MainMenuValidation@1aafa419]" started-at="2025-04-06T15:06:49 EDT" name="beforeMethod" finished-at="2025-04-06T15:06:52 EDT" duration-ms="3013" status="PASS">
          <reporter-output>
          </reporter-output>
        </test-method> <!-- beforeMethod -->
        <test-method signature="LoginandLogout(java.util.HashMap)[pri:0, instance:tests.MainMenuValidation@1aafa419]" started-at="2025-04-06T15:06:52 EDT" name="LoginandLogout" data-provider="getUserCredentials" finished-at="2025-04-06T15:06:54 EDT" duration-ms="1344" status="PASS">
          <params>
            <param index="0">
              <value>
                <![CDATA[{password=secret_sauce, username=standard_user}]]>
              </value>
            </param>
          </params>
          <reporter-output>
          </reporter-output>
        </test-method> <!-- LoginandLogout -->
        <test-method is-config="true" signature="closeWindow()[pri:0, instance:tests.MainMenuValidation@1aafa419]" started-at="2025-04-06T15:06:54 EDT" name="closeWindow" finished-at="2025-04-06T15:06:54 EDT" duration-ms="125" status="PASS">
          <reporter-output>
          </reporter-output>
        </test-method> <!-- closeWindow -->
      </class> <!-- tests.MainMenuValidation -->
      <class name="tests.CartPageValidation">
        <test-method is-config="true" signature="beforeMethod()[pri:0, instance:tests.CartPageValidation@55183b20]" started-at="2025-04-06T15:05:40 EDT" name="beforeMethod" finished-at="2025-04-06T15:05:44 EDT" duration-ms="4631" status="PASS">
          <reporter-output>
          </reporter-output>
        </test-method> <!-- beforeMethod -->
        <test-method signature="addMultipleItemsAndVerifyInCart(java.util.HashMap)[pri:0, instance:tests.CartPageValidation@55183b20]" started-at="2025-04-06T15:05:44 EDT" name="addMultipleItemsAndVerifyInCart" data-provider="getUserCredentials" finished-at="2025-04-06T15:05:45 EDT" duration-ms="961" status="PASS">
          <params>
            <param index="0">
              <value>
                <![CDATA[{password=secret_sauce, username=standard_user}]]>
              </value>
            </param>
          </params>
          <reporter-output>
          </reporter-output>
        </test-method> <!-- addMultipleItemsAndVerifyInCart -->
        <test-method is-config="true" signature="closeWindow()[pri:0, instance:tests.CartPageValidation@55183b20]" started-at="2025-04-06T15:05:45 EDT" name="closeWindow" finished-at="2025-04-06T15:05:45 EDT" duration-ms="124" status="PASS">
          <reporter-output>
          </reporter-output>
        </test-method> <!-- closeWindow -->
      </class> <!-- tests.CartPageValidation -->
      <class name="tests.Errorvalidation">
        <test-method is-config="true" signature="beforeMethod()[pri:0, instance:tests.Errorvalidation@7b2bbc3]" started-at="2025-04-06T15:05:54 EDT" name="beforeMethod" finished-at="2025-04-06T15:05:57 EDT" duration-ms="3028" status="PASS">
          <reporter-output>
          </reporter-output>
        </test-method> <!-- beforeMethod -->
        <test-method signature="InvalidLogin()[pri:0, instance:tests.Errorvalidation@7b2bbc3]" started-at="2025-04-06T15:05:57 EDT" name="InvalidLogin" finished-at="2025-04-06T15:05:58 EDT" duration-ms="373" status="PASS">
          <reporter-output>
          </reporter-output>
        </test-method> <!-- InvalidLogin -->
        <test-method is-config="true" signature="closeWindow()[pri:0, instance:tests.Errorvalidation@7b2bbc3]" started-at="2025-04-06T15:05:58 EDT" name="closeWindow" finished-at="2025-04-06T15:05:58 EDT" duration-ms="128" status="PASS">
          <reporter-output>
          </reporter-output>
        </test-method> <!-- closeWindow -->
        <test-method is-config="true" signature="beforeMethod()[pri:0, instance:tests.Errorvalidation@7b2bbc3]" started-at="2025-04-06T15:05:58 EDT" name="beforeMethod" finished-at="2025-04-06T15:06:01 EDT" duration-ms="3133" status="PASS">
          <reporter-output>
          </reporter-output>
        </test-method> <!-- beforeMethod -->
        <test-method signature="checkoutWithMissingFirstName(java.util.HashMap)[pri:0, instance:tests.Errorvalidation@7b2bbc3]" started-at="2025-04-06T15:06:01 EDT" name="checkoutWithMissingFirstName" data-provider="getUserCredentials" finished-at="2025-04-06T15:06:02 EDT" duration-ms="1112" status="PASS">
          <params>
            <param index="0">
              <value>
                <![CDATA[{password=secret_sauce, username=standard_user}]]>
              </value>
            </param>
          </params>
          <reporter-output>
          </reporter-output>
        </test-method> <!-- checkoutWithMissingFirstName -->
        <test-method is-config="true" signature="closeWindow()[pri:0, instance:tests.Errorvalidation@7b2bbc3]" started-at="2025-04-06T15:06:02 EDT" name="closeWindow" finished-at="2025-04-06T15:06:02 EDT" duration-ms="112" status="PASS">
          <reporter-output>
          </reporter-output>
        </test-method> <!-- closeWindow -->
        <test-method is-config="true" signature="beforeMethod()[pri:0, instance:tests.Errorvalidation@7b2bbc3]" started-at="2025-04-06T15:06:02 EDT" name="beforeMethod" finished-at="2025-04-06T15:06:05 EDT" duration-ms="3080" status="PASS">
          <reporter-output>
          </reporter-output>
        </test-method> <!-- beforeMethod -->
        <test-method signature="lockedUser()[pri:0, instance:tests.Errorvalidation@7b2bbc3]" started-at="2025-04-06T15:06:05 EDT" name="lockedUser" finished-at="2025-04-06T15:06:06 EDT" duration-ms="433" status="PASS">
          <reporter-output>
          </reporter-output>
        </test-method> <!-- lockedUser -->
        <test-method is-config="true" signature="closeWindow()[pri:0, instance:tests.Errorvalidation@7b2bbc3]" started-at="2025-04-06T15:06:06 EDT" name="closeWindow" finished-at="2025-04-06T15:06:06 EDT" duration-ms="134" status="PASS">
          <reporter-output>
          </reporter-output>
        </test-method> <!-- closeWindow -->
        <test-method is-config="true" signature="beforeMethod()[pri:0, instance:tests.Errorvalidation@7b2bbc3]" started-at="2025-04-06T15:06:06 EDT" name="beforeMethod" finished-at="2025-04-06T15:06:09 EDT" duration-ms="3060" status="PASS">
          <reporter-output>
          </reporter-output>
        </test-method> <!-- beforeMethod -->
        <test-method signature="performanceGlitch()[pri:0, instance:tests.Errorvalidation@7b2bbc3]" started-at="2025-04-06T15:06:09 EDT" name="performanceGlitch" finished-at="2025-04-06T15:06:15 EDT" duration-ms="5634" status="PASS">
          <reporter-output>
          </reporter-output>
        </test-method> <!-- performanceGlitch -->
        <test-method is-config="true" signature="closeWindow()[pri:0, instance:tests.Errorvalidation@7b2bbc3]" started-at="2025-04-06T15:06:15 EDT" name="closeWindow" finished-at="2025-04-06T15:06:15 EDT" duration-ms="174" status="PASS">
          <reporter-output>
          </reporter-output>
        </test-method> <!-- closeWindow -->
      </class> <!-- tests.Errorvalidation -->
      <class name="tests.InventoryPageValidation">
        <test-method is-config="true" signature="beforeMethod()[pri:0, instance:tests.InventoryPageValidation@a1153bc]" started-at="2025-04-06T15:06:15 EDT" name="beforeMethod" finished-at="2025-04-06T15:06:18 EDT" duration-ms="3168" status="PASS">
          <reporter-output>
          </reporter-output>
        </test-method> <!-- beforeMethod -->
        <test-method signature="VerifyItemCount(java.util.HashMap)[pri:0, instance:tests.InventoryPageValidation@a1153bc]" started-at="2025-04-06T15:06:18 EDT" name="VerifyItemCount" data-provider="getUserCredentials" finished-at="2025-04-06T15:06:18 EDT" duration-ms="425" status="PASS">
          <params>
            <param index="0">
              <value>
                <![CDATA[{password=secret_sauce, username=standard_user}]]>
              </value>
            </param>
          </params>
          <reporter-output>
          </reporter-output>
        </test-method> <!-- VerifyItemCount -->
        <test-method is-config="true" signature="closeWindow()[pri:0, instance:tests.InventoryPageValidation@a1153bc]" started-at="2025-04-06T15:06:18 EDT" name="closeWindow" finished-at="2025-04-06T15:06:19 EDT" duration-ms="113" status="PASS">
          <reporter-output>
          </reporter-output>
        </test-method> <!-- closeWindow -->
        <test-method is-config="true" signature="beforeMethod()[pri:0, instance:tests.InventoryPageValidation@a1153bc]" started-at="2025-04-06T15:06:19 EDT" name="beforeMethod" finished-at="2025-04-06T15:06:22 EDT" duration-ms="3019" status="PASS">
          <reporter-output>
          </reporter-output>
        </test-method> <!-- beforeMethod -->
        <test-method signature="addSingleItemtoCart(java.util.HashMap)[pri:0, instance:tests.InventoryPageValidation@a1153bc]" started-at="2025-04-06T15:06:22 EDT" name="addSingleItemtoCart" data-provider="getData" finished-at="2025-04-06T15:06:22 EDT" duration-ms="694" status="PASS">
          <params>
            <param index="0">
              <value>
                <![CDATA[{password=secret_sauce, product=Sauce Labs Onesie, username=standard_user}]]>
              </value>
            </param>
          </params>
          <reporter-output>
          </reporter-output>
        </test-method> <!-- addSingleItemtoCart -->
        <test-method is-config="true" signature="closeWindow()[pri:0, instance:tests.InventoryPageValidation@a1153bc]" started-at="2025-04-06T15:06:22 EDT" name="closeWindow" finished-at="2025-04-06T15:06:22 EDT" duration-ms="111" status="PASS">
          <reporter-output>
          </reporter-output>
        </test-method> <!-- closeWindow -->
        <test-method is-config="true" signature="beforeMethod()[pri:0, instance:tests.InventoryPageValidation@a1153bc]" started-at="2025-04-06T15:06:22 EDT" name="beforeMethod" finished-at="2025-04-06T15:06:25 EDT" duration-ms="3053" status="PASS">
          <reporter-output>
          </reporter-output>
        </test-method> <!-- beforeMethod -->
        <test-method signature="addSingleItemtoCart(java.util.HashMap)[pri:0, instance:tests.InventoryPageValidation@a1153bc]" started-at="2025-04-06T15:06:25 EDT" name="addSingleItemtoCart" data-provider="getData" finished-at="2025-04-06T15:06:26 EDT" duration-ms="588" status="PASS">
          <params>
            <param index="0">
              <value>
                <![CDATA[{password=secret_sauce, product=Sauce Labs Backpack, username=standard_user}]]>
              </value>
            </param>
          </params>
          <reporter-output>
          </reporter-output>
        </test-method> <!-- addSingleItemtoCart -->
        <test-method is-config="true" signature="closeWindow()[pri:0, instance:tests.InventoryPageValidation@a1153bc]" started-at="2025-04-06T15:06:26 EDT" name="closeWindow" finished-at="2025-04-06T15:06:26 EDT" duration-ms="108" status="PASS">
          <reporter-output>
          </reporter-output>
        </test-method> <!-- closeWindow -->
        <test-method is-config="true" signature="beforeMethod()[pri:0, instance:tests.InventoryPageValidation@a1153bc]" started-at="2025-04-06T15:06:26 EDT" name="beforeMethod" finished-at="2025-04-06T15:06:29 EDT" duration-ms="3046" status="PASS">
          <reporter-output>
          </reporter-output>
        </test-method> <!-- beforeMethod -->
        <test-method signature="addandRemoveProductfromCart(java.util.HashMap)[pri:0, instance:tests.InventoryPageValidation@a1153bc]" started-at="2025-04-06T15:06:29 EDT" name="addandRemoveProductfromCart" data-provider="getData" finished-at="2025-04-06T15:06:30 EDT" duration-ms="875" status="PASS">
          <params>
            <param index="0">
              <value>
                <![CDATA[{password=secret_sauce, product=Sauce Labs Onesie, username=standard_user}]]>
              </value>
            </param>
          </params>
          <reporter-output>
          </reporter-output>
        </test-method> <!-- addandRemoveProductfromCart -->
        <test-method is-config="true" signature="closeWindow()[pri:0, instance:tests.InventoryPageValidation@a1153bc]" started-at="2025-04-06T15:06:30 EDT" name="closeWindow" finished-at="2025-04-06T15:06:30 EDT" duration-ms="169" status="PASS">
          <reporter-output>
          </reporter-output>
        </test-method> <!-- closeWindow -->
        <test-method is-config="true" signature="beforeMethod()[pri:0, instance:tests.InventoryPageValidation@a1153bc]" started-at="2025-04-06T15:06:30 EDT" name="beforeMethod" finished-at="2025-04-06T15:06:33 EDT" duration-ms="2996" status="PASS">
          <reporter-output>
          </reporter-output>
        </test-method> <!-- beforeMethod -->
        <test-method signature="addandRemoveProductfromCart(java.util.HashMap)[pri:0, instance:tests.InventoryPageValidation@a1153bc]" started-at="2025-04-06T15:06:33 EDT" name="addandRemoveProductfromCart" data-provider="getData" finished-at="2025-04-06T15:06:34 EDT" duration-ms="674" status="PASS">
          <params>
            <param index="0">
              <value>
                <![CDATA[{password=secret_sauce, product=Sauce Labs Backpack, username=standard_user}]]>
              </value>
            </param>
          </params>
          <reporter-output>
          </reporter-output>
        </test-method> <!-- addandRemoveProductfromCart -->
        <test-method is-config="true" signature="closeWindow()[pri:0, instance:tests.InventoryPageValidation@a1153bc]" started-at="2025-04-06T15:06:34 EDT" name="closeWindow" finished-at="2025-04-06T15:06:34 EDT" duration-ms="172" status="PASS">
          <reporter-output>
          </reporter-output>
        </test-method> <!-- closeWindow -->
        <test-method is-config="true" signature="beforeMethod()[pri:0, instance:tests.InventoryPageValidation@a1153bc]" started-at="2025-04-06T15:06:34 EDT" name="beforeMethod" finished-at="2025-04-06T15:06:37 EDT" duration-ms="3010" status="PASS">
          <reporter-output>
          </reporter-output>
        </test-method> <!-- beforeMethod -->
        <test-method signature="sortProductsByHighToLowPrice(java.util.HashMap)[pri:0, instance:tests.InventoryPageValidation@a1153bc]" started-at="2025-04-06T15:06:37 EDT" name="sortProductsByHighToLowPrice" data-provider="getUserCredentials" finished-at="2025-04-06T15:06:38 EDT" duration-ms="663" status="PASS">
          <params>
            <param index="0">
              <value>
                <![CDATA[{password=secret_sauce, username=standard_user}]]>
              </value>
            </param>
          </params>
          <reporter-output>
          </reporter-output>
        </test-method> <!-- sortProductsByHighToLowPrice -->
        <test-method is-config="true" signature="closeWindow()[pri:0, instance:tests.InventoryPageValidation@a1153bc]" started-at="2025-04-06T15:06:38 EDT" name="closeWindow" finished-at="2025-04-06T15:06:38 EDT" duration-ms="148" status="PASS">
          <reporter-output>
          </reporter-output>
        </test-method> <!-- closeWindow -->
        <test-method is-config="true" signature="beforeMethod()[pri:0, instance:tests.InventoryPageValidation@a1153bc]" started-at="2025-04-06T15:06:38 EDT" name="beforeMethod" finished-at="2025-04-06T15:06:41 EDT" duration-ms="3011" status="PASS">
          <reporter-output>
          </reporter-output>
        </test-method> <!-- beforeMethod -->
        <test-method signature="sortProductsByLowToHighPrice(java.util.HashMap)[pri:0, instance:tests.InventoryPageValidation@a1153bc]" started-at="2025-04-06T15:06:41 EDT" name="sortProductsByLowToHighPrice" data-provider="getUserCredentials" finished-at="2025-04-06T15:06:41 EDT" duration-ms="632" status="PASS">
          <params>
            <param index="0">
              <value>
                <![CDATA[{password=secret_sauce, username=standard_user}]]>
              </value>
            </param>
          </params>
          <reporter-output>
          </reporter-output>
        </test-method> <!-- sortProductsByLowToHighPrice -->
        <test-method is-config="true" signature="closeWindow()[pri:0, instance:tests.InventoryPageValidation@a1153bc]" started-at="2025-04-06T15:06:41 EDT" name="closeWindow" finished-at="2025-04-06T15:06:42 EDT" duration-ms="160" status="PASS">
          <reporter-output>
          </reporter-output>
        </test-method> <!-- closeWindow -->
        <test-method is-config="true" signature="beforeMethod()[pri:0, instance:tests.InventoryPageValidation@a1153bc]" started-at="2025-04-06T15:06:42 EDT" name="beforeMethod" finished-at="2025-04-06T15:06:45 EDT" duration-ms="2952" status="PASS">
          <reporter-output>
          </reporter-output>
        </test-method> <!-- beforeMethod -->
        <test-method signature="verifyProductDetailsNavigation(java.util.HashMap)[pri:0, instance:tests.InventoryPageValidation@a1153bc]" started-at="2025-04-06T15:06:45 EDT" name="verifyProductDetailsNavigation" data-provider="getData" finished-at="2025-04-06T15:06:45 EDT" duration-ms="733" status="PASS">
          <params>
            <param index="0">
              <value>
                <![CDATA[{password=secret_sauce, product=Sauce Labs Onesie, username=standard_user}]]>
              </value>
            </param>
          </params>
          <reporter-output>
          </reporter-output>
        </test-method> <!-- verifyProductDetailsNavigation -->
        <test-method is-config="true" signature="closeWindow()[pri:0, instance:tests.InventoryPageValidation@a1153bc]" started-at="2025-04-06T15:06:45 EDT" name="closeWindow" finished-at="2025-04-06T15:06:45 EDT" duration-ms="116" status="PASS">
          <reporter-output>
          </reporter-output>
        </test-method> <!-- closeWindow -->
        <test-method is-config="true" signature="beforeMethod()[pri:0, instance:tests.InventoryPageValidation@a1153bc]" started-at="2025-04-06T15:06:45 EDT" name="beforeMethod" finished-at="2025-04-06T15:06:48 EDT" duration-ms="3008" status="PASS">
          <reporter-output>
          </reporter-output>
        </test-method> <!-- beforeMethod -->
        <test-method signature="verifyProductDetailsNavigation(java.util.HashMap)[pri:0, instance:tests.InventoryPageValidation@a1153bc]" started-at="2025-04-06T15:06:48 EDT" name="verifyProductDetailsNavigation" data-provider="getData" finished-at="2025-04-06T15:06:49 EDT" duration-ms="607" status="PASS">
          <params>
            <param index="0">
              <value>
                <![CDATA[{password=secret_sauce, product=Sauce Labs Backpack, username=standard_user}]]>
              </value>
            </param>
          </params>
          <reporter-output>
          </reporter-output>
        </test-method> <!-- verifyProductDetailsNavigation -->
        <test-method is-config="true" signature="closeWindow()[pri:0, instance:tests.InventoryPageValidation@a1153bc]" started-at="2025-04-06T15:06:49 EDT" name="closeWindow" finished-at="2025-04-06T15:06:49 EDT" duration-ms="131" status="PASS">
          <reporter-output>
          </reporter-output>
        </test-method> <!-- closeWindow -->
      </class> <!-- tests.InventoryPageValidation -->
      <class name="tests.E2ETest">
        <test-method is-config="true" signature="beforeMethod()[pri:0, instance:tests.E2ETest@48f2bd5b]" started-at="2025-04-06T15:05:45 EDT" name="beforeMethod" finished-at="2025-04-06T15:05:48 EDT" duration-ms="3056" status="PASS">
          <reporter-output>
          </reporter-output>
        </test-method> <!-- beforeMethod -->
        <test-method signature="submitOrder(java.util.HashMap)[pri:0, instance:tests.E2ETest@48f2bd5b]" started-at="2025-04-06T15:05:48 EDT" name="submitOrder" data-provider="getData" finished-at="2025-04-06T15:05:50 EDT" duration-ms="1362" status="PASS">
          <params>
            <param index="0">
              <value>
                <![CDATA[{password=secret_sauce, product=Sauce Labs Onesie, username=standard_user}]]>
              </value>
            </param>
          </params>
          <reporter-output>
          </reporter-output>
        </test-method> <!-- submitOrder -->
        <test-method is-config="true" signature="closeWindow()[pri:0, instance:tests.E2ETest@48f2bd5b]" started-at="2025-04-06T15:05:50 EDT" name="closeWindow" finished-at="2025-04-06T15:05:50 EDT" duration-ms="146" status="PASS">
          <reporter-output>
          </reporter-output>
        </test-method> <!-- closeWindow -->
        <test-method is-config="true" signature="beforeMethod()[pri:0, instance:tests.E2ETest@48f2bd5b]" started-at="2025-04-06T15:05:50 EDT" name="beforeMethod" finished-at="2025-04-06T15:05:53 EDT" duration-ms="3011" status="PASS">
          <reporter-output>
          </reporter-output>
        </test-method> <!-- beforeMethod -->
        <test-method signature="submitOrder(java.util.HashMap)[pri:0, instance:tests.E2ETest@48f2bd5b]" started-at="2025-04-06T15:05:53 EDT" name="submitOrder" data-provider="getData" finished-at="2025-04-06T15:05:54 EDT" duration-ms="1306" status="PASS">
          <params>
            <param index="0">
              <value>
                <![CDATA[{password=secret_sauce, product=Sauce Labs Backpack, username=standard_user}]]>
              </value>
            </param>
          </params>
          <reporter-output>
          </reporter-output>
        </test-method> <!-- submitOrder -->
        <test-method is-config="true" signature="closeWindow()[pri:0, instance:tests.E2ETest@48f2bd5b]" started-at="2025-04-06T15:05:54 EDT" name="closeWindow" finished-at="2025-04-06T15:05:54 EDT" duration-ms="115" status="PASS">
          <reporter-output>
          </reporter-output>
        </test-method> <!-- closeWindow -->
      </class> <!-- tests.E2ETest -->
    </test> <!-- AllTestsSuite -->
  </suite> <!-- AllTests -->
</testng-results>
