<?xml version="1.0" encoding="UTF-8"?>
<testsuite xmlns:xsi="http://www.w3.org/2001/XMLSchema-instance" xsi:noNamespaceSchemaLocation="https://maven.apache.org/surefire/maven-surefire-plugin/xsd/surefire-test-report-3.0.xsd" version="3.0" name="TestSuite" time="15.285" tests="2" errors="0" skipped="0" failures="0">
  <properties>
[...]
</properties>
  <testcase name="submitOrder[{password=secret_sauce, product=Sauce Labs Onesie, username=standard_user}](1)" classname="tests.E2ETest" time="1.93">
    <system-err><![CDATA[SLF4J: Failed to load class "org.slf4j.impl.StaticLoggerBinder".
SLF4J: Defaulting to no-operation (NOP) logger implementation
SLF4J: See http://www.slf4j.org/codes.html#StaticLoggerBinder for further details.
1682544728348	geckodriver	INFO	Listening on 127.0.0.1:20309
1682544728721	mozrunner::runner	INFO	Running command: "C:\\Program Files\\Mozilla Firefox\\firefox.exe" "--marionette" "--remote-debugging-port" "6645" "--remote- ... //localhost:6645/,http://[::1]:6645/" "-no-remote" "-profile" "C:\\Users\\rassh\\AppData\\Local\\Temp\\rust_mozprofilenCAoPb"
console.warn: services.settings: Ignoring preference override of remote settings server
console.warn: services.settings: Allow by setting MOZ_REMOTE_SETTINGS_DEVTOOLS=1 in the environment
1682544729266	Marionette	INFO	Marionette enabled
Dynamically enable window occlusion 0
1682544729275	Marionette	INFO	Listening on port 60536
Read port: 60536
WebDriver BiDi listening on ws://127.0.0.1:6645
1682544729427	RemoteAgent	WARN	TLS certificate errors will be ignored for this session
console.warn: SearchSettings: "get: No settings file exists, new profile?" (new NotFoundError("Could not open the file at C:\\Users\\rassh\\AppData\\Local\\Temp\\rust_mozprofilenCAoPb\\search.json.mozlz4", (void 0)))
[ERROR glean_core] Error setting metrics feature config: Json(Error("EOF while parsing a value", line: 1, column: 0))
DevTools listening on ws://127.0.0.1:6645/devtools/browser/9f76c137-dce9-4ee5-9429-c66eeee04ecf
console.warn: LoginRecipes: "Falling back to a synchronous message for: https://www.saucedemo.com."
console.warn: LoginRecipes: "Falling back to a synchronous message for: https://www.saucedemo.com."
]]></system-err>
  </testcase>
  <testcase name="submitOrder[{password=secret_sauce, product=Sauce Labs Backpack, username=standard_user}](2)" classname="tests.E2ETest" time="1.824">
    <system-err><![CDATA[1682544734344	RemoteAgent	INFO	Perform WebSocket upgrade for incoming connection from 127.0.0.1:60572
1682544734350	CDP	WARN	Invalid browser preferences for CDP. Set "fission.webContentIsolationStrategy"to 0 and "fission.bfcacheInParent" to false before Firefox starts.
1682544734395	Marionette	INFO	Stopped listening on port 60536
Dynamically enable window occlusion 1
WARNING: A blocker encountered an error while we were waiting.
          Blocker:  Waiting for ping task
          Phase: TelemetryController: Waiting for pending ping activity
          State: (none)
WARNING: Error: Phase "profile-before-change" is finished, it is too late to register completion condition "OS.File: flush I/O queued before profileBeforeChange"
WARNING: addBlocker@resource://gre/modules/AsyncShutdown.sys.mjs:727:15
addBlocker@resource://gre/modules/AsyncShutdown.sys.mjs:523:26
addBlocker@resource://gre/modules/AsyncShutdown.sys.mjs:458:15
setupShutdown@resource://gre/modules/osfile/osfile_async_front.jsm:1548:28
@resource://gre/modules/osfile/osfile_async_front.jsm:1568:16
@resource://gre/modules/osfile.jsm:12:30
@resource://gre/modules/TelemetryStorage.sys.mjs:10:28
_checkPendingPings@resource://gre/modules/TelemetrySend.sys.mjs:863:17
setup@resource://gre/modules/TelemetrySend.sys.mjs:803:18
setup@resource://gre/modules/TelemetrySend.sys.mjs:241:30
setupTelemetry/this._delayedInitTask<@resource://gre/modules/TelemetryControllerParent.sys.mjs:824:36
observe@resource://gre/modules/AsyncShutdown.sys.mjs:576:16

console.error: "TelemetryScheduler.shutdown - Already shut down"
WARNING: A blocker encountered an error while we were waiting.
          Blocker:  Waiting for ping task
          Phase: TelemetryController: Waiting for pending ping activity
          State: (none)
WARNING: Error: Phase "profile-before-change" is finished, it is too late to register completion condition "OS.File: flush I/O queued before profileBeforeChange"
WARNING: addBlocker@resource://gre/modules/AsyncShutdown.sys.mjs:727:15
addBlocker@resource://gre/modules/AsyncShutdown.sys.mjs:523:26
addBlocker@resource://gre/modules/AsyncShutdown.sys.mjs:458:15
setupShutdown@resource://gre/modules/osfile/osfile_async_front.jsm:1548:28
@resource://gre/modules/osfile/osfile_async_front.jsm:1568:16
@resource://gre/modules/osfile.jsm:12:30
@resource://gre/modules/TelemetryStorage.sys.mjs:10:28
_checkPendingPings@resource://gre/modules/TelemetrySend.sys.mjs:863:17
setup@resource://gre/modules/TelemetrySend.sys.mjs:803:18
setup@resource://gre/modules/TelemetrySend.sys.mjs:241:30
setupTelemetry/this._delayedInitTask<@resource://gre/modules/TelemetryControllerParent.sys.mjs:824:36
observe@resource://gre/modules/AsyncShutdown.sys.mjs:576:16

WARNING: A blocker encountered an error while we were waiting.
          Blocker:  Waiting for ping task
          Phase: TelemetryController: Waiting for pending ping activity
          State: (none)
WARNING: Error: Phase "profile-before-change" is finished, it is too late to register completion condition "OS.File: flush I/O queued before profileBeforeChange"
WARNING: addBlocker@resource://gre/modules/AsyncShutdown.sys.mjs:727:15
addBlocker@resource://gre/modules/AsyncShutdown.sys.mjs:523:26
addBlocker@resource://gre/modules/AsyncShutdown.sys.mjs:458:15
setupShutdown@resource://gre/modules/osfile/osfile_async_front.jsm:1548:28
@resource://gre/modules/osfile/osfile_async_front.jsm:1568:16
@resource://gre/modules/osfile.jsm:12:30
@resource://gre/modules/TelemetryStorage.sys.mjs:10:28
_checkPendingPings@resource://gre/modules/TelemetrySend.sys.mjs:863:17
setup@resource://gre/modules/TelemetrySend.sys.mjs:803:18
setup@resource://gre/modules/TelemJavaScripte terryrSoern:d .rseysso.umrjcse::2/4/1g:r3e0/m
osdeutluepsT/eAlseymnectSrhyu/ttdhoiwsn.._sdys.mjs,e lliayneed I7n2i7t:T aEsrkr<o@rr:es oPuhracsee: /"/pgrroef/imloed-ubleefso/rTee-lecmheatnrgyeC"o nitsr oflilneirsPhaerde,n ti.ts yis.sm jtso:o8 2l4a:t3e6 
toob sreergvies@treers ocuormcpel:e/t/igorne /cmoondduilteiso/nA s"yOnSc.SFhiulted: ofwlnu.sshy sI./mOj sq:u5e7u6e:d1 6be
fo
rWeA RpNrIoNfGi:l eA BbelfoocrkeeCrh aennge"
JavaScript error: resource://grec/moduoleusn/tAesryendc Shaunt doewrnr.osry sw.hmijlse,  wlei nwee r7e27 :w aEirtrionrg:. P
h a s e   " p r o f iBlleo-cbkeerf:o r eT-eclheamnegter"y Ciosn tfrionlilsehre:d ,s hiutt tiisn gt odoo wlnat
e   t o   r e g i s tPehra sceo:m pplreotfiiolne -cboenfdoirtei-ocnh a"nOgSe.-Ftiellee:m eftlruysh
  I / O   q u e u e dS tbaetfeo:r eE rprroorf igleetBteifnogr esCthaatneg:e "Er
rJoarv:a SPchraispet  "eprrroofri:l er-ebseofuorrcee-:c/h/agnrgee/"m oidsu lfiensi/sAhseydn,c Sihtu tidso wtno.os ylsa.tmej st,o  lriegnies t7e2r7 :c omEprlretoiro:n  Pchoansdei t"iporno f"iOlSe.-Fbielfeo:r ef-lcuhsahn gIe/"O  iqsu efuiendi sbheefdo,r ei tp riosf itloeoB elfaotree Chtaon greegister c"o maptl eatdidoBnl occoknedri@trieosno u"rOcSe.:F/i/leg: rfel/umsohd uIl/eOs /qAuseyunecdS hbuetfdoorwen .psryosf.imljesB:e7f2o7r:e1C5ha
nagded"Bl
JoacvkaeSrc@rriepsto uerrcreo:r/:/ grrees/omuordceu:l/e/sg/rAes/ymondcuSlheus/AsyncShutdown.sys.mjs, line 727: Error: Phase "profile-before-change" is finished, it is too late tto rdeogwins.tseyrs .compmljest:i5o2n3 :c2o6nd
itaidodnB l"oOcSk.eFri@lree:s ofulursche :I///Og rqeu/emuoeddu lbeesf/oArsey npcrSohfuitldeoBwenf.osryesC.hmajnsg:e4"58
:J1a5va
SscertiupptS heurtrdoorw:n @rreessoouurrccee::////ggrree//mmoduoledsu/lAessy/nocsSfhiulted/oowsnf.islyes_.amsjysn,c _lfirnoen t7.2j7s:m :E1r5r4o8r::2 8Ph
a@sree s"opurrocfei:l/e/-gbreef/omroed-uclheasn/goes"f iilse f/ionsifsihlee_da,s yintc _ifsr otnoto. jlsamt:e1 5t6o8 :r1e6gi
s@treers ocuorcmep:l/e/tgiroen/ mcoodnudlietsi/oons f"iOlSe..Fjislme::1 2f:l3u0sh
 @Ir/eOs oquurecuee:d/ bef/ogrree /pmroodfuilleesB/eTfeolreemCehtarnygSet"or
aJgaev.asSycsr.impjts :e1r0r:o2r8: 
r_ecshoeucrkcPee:n/d/inggrPei/nmgosd@urleesso/uArscyen:c/S/hgurted/omwond.usleyss/.Tmejlse,m eltirnyeS e7n2d7.:s yErrso.rm:j sP:h8a6s3e: 1"7pr
osfeitluep-@breefsooruer-cceha:n/g/eg"r ei/modules/TelemetrySend.sys.mjs:803:18
setup@resource://gre/modules/TelemetrySend.sys.mjs:241:30
setupTelemetry/this._delayedInitTask<@resource://gre/modules/TelemetryControllerParent.sys.smj s:f8i2n4i:s3h6ed
,o biste rivse @troeos oluartcee :t/o/ grreeg/imsotdules/Aesry nccoSmhpultedtoiwonn. scyosn.dmitjiso:n5 7"6O:S1.6Fi
le
:W AfRlNuIsNhG :I /EOr rqoure:u ePhda sbee f"oprreo fpirloef-ibleefBoerfeo-rcehCahnagneg"e "is
 finished, it is too late to register completion condition "OS.File: flush I/O queued before profileBeforeChange"
WARNING: addBlocker@resource://gre/modules/AsyncShutdown.sys.mjs:727:15
addBlocker@resource://gre/modules/AsyncShutdown.sys.mjs:523:26
addBlocker@resource://gre/modules/AsyncShutdown.sys.mjs:458:15
setupShutdown@resource://gre/modules/osfile/osfile_async_front.jsm:1548:28
@resource://gre/modules/osfile/osfile_async_front.jsm:1568:16
@resource://gre/modules/osfile.jsm:12:30
@resource://gre/modules/TelemetryStorage.sys.mjs:10:28
_checkPendingPings@resource://gre/modules/TelemetrySend.sys.mjs:863:17
setup@resource://gre/modules/TelemetrySend.sys.mjs:803:18
setup@resource://gre/modules/TelemetrySend.sys.mjs:241:30
setupTelemetry/this._delayedInitTask<@resource://gre/modules/TelemetryControllerParent.sys.mjs:824:36
observe@resource://gre/modules/AsyncShutdown.sys.mjs:576:16

1682544735263	geckodriver	INFO	Listening on 127.0.0.1:14052
1682544735303	mozrunner::runner	INFO	Running command: "C:\\Program Files\\Mozilla Firefox\\firefox.exe" "--marionette" "--remote-debugging-port" "1164" "--remote- ... //localhost:1164/,http://[::1]:1164/" "-no-remote" "-profile" "C:\\Users\\rassh\\AppData\\Local\\Temp\\rust_mozprofileEh6JHz"
console.warn: services.settings: Ignoring preference override of remote settings server
console.warn: services.settings: Allow by setting MOZ_REMOTE_SETTINGS_DEVTOOLS=1 in the environment
1682544735651	Marionette	INFO	Marionette enabled
Dynamically enable window occlusion 0
1682544735675	Marionette	INFO	Listening on port 60577
WebDriver BiDi listening on ws://127.0.0.1:1164
Read port: 60577
1682544735966	RemoteAgent	WARN	TLS certificate errors will be ignored for this session
console.warn: SearchSettings: "get: No settings file exists, new profile?" (new NotFoundError("Could not open the file at C:\\Users\\rassh\\AppData\\Local\\Temp\\rust_mozprofileEh6JHz\\search.json.mozlz4", (void 0)))
[ERROR glean_core] Error setting metrics feature config: Json(Error("EOF while parsing a value", line: 1, column: 0))
DevTools listening on ws://127.0.0.1:1164/devtools/browser/4e987886-bbde-42fd-9a36-ed014e518719
console.warn: LoginRecipes: "Falling back to a synchronous message for: https://www.saucedemo.com."
console.warn: LoginRecipes: "Falling back to a synchronous message for: https://www.saucedemo.com."
]]></system-err>
  </testcase>
</testsuite>