<?xml version="1.0" encoding="UTF-8"?>
<!-- Generated by org.testng.reporters.JUnitXMLReporter -->
<testsuite ignored="0" hostname="Rashe" failures="0" tests="17" name="AllTestsSuite" time="74.364" errors="0" timestamp="2025-04-06T15:06:54 EDT">
  <testcase classname="tests.CartPageValidation" name="addMultipleItemsAndVerifyInCart" time="0.961"/>
  <testcase classname="tests.E2ETest" name="submitOrder" time="1.362"/>
  <testcase classname="tests.E2ETest" name="submitOrder" time="1.306"/>
  <testcase classname="tests.Errorvalidation" name="InvalidLogin" time="0.373"/>
  <testcase classname="tests.Errorvalidation" name="checkoutWithMissingFirstName" time="1.112"/>
  <testcase classname="tests.Errorvalidation" name="lockedUser" time="0.433"/>
  <testcase classname="tests.Errorvalidation" name="performanceGlitch" time="5.634"/>
  <testcase classname="tests.InventoryPageValidation" name="VerifyItemCount" time="0.425"/>
  <testcase classname="tests.InventoryPageValidation" name="addSingleItemtoCart" time="0.694"/>
  <testcase classname="tests.InventoryPageValidation" name="addSingleItemtoCart" time="0.588"/>
  <testcase classname="tests.InventoryPageValidation" name="addandRemoveProductfromCart" time="0.875"/>
  <testcase classname="tests.InventoryPageValidation" name="addandRemoveProductfromCart" time="0.674"/>
  <testcase classname="tests.InventoryPageValidation" name="sortProductsByHighToLowPrice" time="0.663"/>
  <testcase classname="tests.InventoryPageValidation" name="sortProductsByLowToHighPrice" time="0.632"/>
  <testcase classname="tests.InventoryPageValidation" name="verifyProductDetailsNavigation" time="0.733"/>
  <testcase classname="tests.InventoryPageValidation" name="verifyProductDetailsNavigation" time="0.607"/>
  <testcase classname="tests.MainMenuValidation" name="LoginandLogout" time="1.344"/>
</testsuite> <!-- AllTestsSuite -->
